<?xml version="1.0" encoding="UTF-8"?>
<testng-results ignored="0" total="6" passed="6" failed="0" skipped="0">
  <reporter-output>
  </reporter-output>
  <suite started-at="2023-01-31T21:16:45 AZT" name="Command line suite" finished-at="2023-01-31T21:16:52 AZT" duration-ms="7193">
    <groups>
    </groups>
    <test started-at="2023-01-31T21:16:45 AZT" name="Command line test" finished-at="2023-01-31T21:16:52 AZT" duration-ms="7193">
      <class name="MainTest">
        <test-method is-config="true" signature="setUp()[pri:0, instance:MainTest@4387b79e]" started-at="2023-01-31T21:16:45 AZT" name="setUp" finished-at="2023-01-31T21:16:46 AZT" duration-ms="1104" status="PASS">
          <reporter-output>
          </reporter-output>
        </test-method> <!-- setUp -->
        <test-method signature="CertainElementGetTest()[pri:0, instance:MainTest@4387b79e]" started-at="2023-01-31T21:16:46 AZT" name="CertainElementGetTest" finished-at="2023-01-31T21:16:50 AZT" duration-ms="4126" status="PASS">
          <reporter-output>
          </reporter-output>
        </test-method> <!-- CertainElementGetTest -->
        <test-method signature="CertainUserGetTest()[pri:0, instance:MainTest@4387b79e]" started-at="2023-01-31T21:16:50 AZT" name="CertainUserGetTest" finished-at="2023-01-31T21:16:51 AZT" duration-ms="822" status="PASS">
          <reporter-output>
          </reporter-output>
        </test-method> <!-- CertainUserGetTest -->
        <test-method is-config="true" signature="setUp()[pri:0, instance:MainTest@4387b79e]" started-at="2023-01-31T21:16:50 AZT" name="setUp" finished-at="2023-01-31T21:16:50 AZT" duration-ms="0" status="PASS">
          <reporter-output>
          </reporter-output>
        </test-method> <!-- setUp -->
        <test-method is-config="true" signature="setUp()[pri:0, instance:MainTest@4387b79e]" started-at="2023-01-31T21:16:51 AZT" name="setUp" finished-at="2023-01-31T21:16:51 AZT" duration-ms="1" status="PASS">
          <reporter-output>
          </reporter-output>
        </test-method> <!-- setUp -->
        <test-method signature="ErrorGetRequestTest()[pri:0, instance:MainTest@4387b79e]" started-at="2023-01-31T21:16:51 AZT" name="ErrorGetRequestTest" finished-at="2023-01-31T21:16:51 AZT" duration-ms="249" status="PASS">
          <reporter-output>
          </reporter-output>
        </test-method> <!-- ErrorGetRequestTest -->
        <test-method is-config="true" signature="setUp()[pri:0, instance:MainTest@4387b79e]" started-at="2023-01-31T21:16:51 AZT" name="setUp" finished-at="2023-01-31T21:16:51 AZT" duration-ms="1" status="PASS">
          <reporter-output>
          </reporter-output>
        </test-method> <!-- setUp -->
        <test-method signature="GetTest()[pri:0, instance:MainTest@4387b79e]" started-at="2023-01-31T21:16:51 AZT" name="GetTest" finished-at="2023-01-31T21:16:52 AZT" duration-ms="180" status="PASS">
          <reporter-output>
          </reporter-output>
        </test-method> <!-- GetTest -->
        <test-method signature="PostRequestTest()[pri:0, instance:MainTest@4387b79e]" started-at="2023-01-31T21:16:52 AZT" name="PostRequestTest" finished-at="2023-01-31T21:16:52 AZT" duration-ms="516" status="PASS">
          <reporter-output>
          </reporter-output>
        </test-method> <!-- PostRequestTest -->
        <test-method is-config="true" signature="setUp()[pri:0, instance:MainTest@4387b79e]" started-at="2023-01-31T21:16:52 AZT" name="setUp" finished-at="2023-01-31T21:16:52 AZT" duration-ms="0" status="PASS">
          <reporter-output>
          </reporter-output>
        </test-method> <!-- setUp -->
        <test-method is-config="true" signature="setUp()[pri:0, instance:MainTest@4387b79e]" started-at="2023-01-31T21:16:52 AZT" name="setUp" finished-at="2023-01-31T21:16:52 AZT" duration-ms="1" status="PASS">
          <reporter-output>
          </reporter-output>
        </test-method> <!-- setUp -->
        <test-method signature="UserGetRequestTest()[pri:0, instance:MainTest@4387b79e]" started-at="2023-01-31T21:16:52 AZT" name="UserGetRequestTest" finished-at="2023-01-31T21:16:52 AZT" duration-ms="150" status="PASS">
          <reporter-output>
          </reporter-output>
        </test-method> <!-- UserGetRequestTest -->
      </class> <!-- MainTest -->
    </test> <!-- Command line test -->
  </suite> <!-- Command line suite -->
</testng-results>
