<?xml version="1.0" encoding="UTF-8"?>
<!-- Generated by org.testng.reporters.JUnitXMLReporter -->
<testsuite ignored="0" hostname="ADMIN-PC" failures="0" tests="6" name="Command line test" time="7.193" errors="0" timestamp="2023-01-31T21:16:52 AZT">
  <testcase classname="MainTest" name="CertainElementGetTest" time="4.126"/>
  <testcase classname="MainTest" name="CertainUserGetTest" time="0.822"/>
  <testcase classname="MainTest" name="ErrorGetRequestTest" time="0.249"/>
  <testcase classname="MainTest" name="GetTest" time="0.18"/>
  <testcase classname="MainTest" name="PostRequestTest" time="0.516"/>
  <testcase classname="MainTest" name="UserGetRequestTest" time="0.15"/>
</testsuite> <!-- Command line test -->
